2025-10-23T22:39:01.183-03:00  INFO 21036 --- [asistencia] [main] c.crtl.asistencia.AsistenciaApplication  : Starting AsistenciaApplication using Java 17.0.16 with PID 21036 (D:\proyectoPedorro\CtrlAsistencia\backend-ctrlAsistencia\asistencia\target\classes started by benja in D:\proyectoPedorro\CtrlAsistencia)
2025-10-23T22:39:01.187-03:00  INFO 21036 --- [asistencia] [main] c.crtl.asistencia.AsistenciaApplication  : No active profile set, falling back to 1 default profile: "default"
2025-10-23T22:39:02.079-03:00  INFO 21036 --- [asistencia] [main] .s.d.r.c.RepositoryConfigurationDelegate : Bootstrapping Spring Data JPA repositories in DEFAULT mode.
2025-10-23T22:39:02.198-03:00  INFO 21036 --- [asistencia] [main] .s.d.r.c.RepositoryConfigurationDelegate : Finished Spring Data repository scanning in 108 ms. Found 11 JPA repository interfaces.
2025-10-23T22:39:03.052-03:00  INFO 21036 --- [asistencia] [main] o.s.b.w.embedded.tomcat.TomcatWebServer  : Tomcat initialized with port 8080 (http)
2025-10-23T22:39:03.068-03:00  INFO 21036 --- [asistencia] [main] o.apache.catalina.core.StandardService   : Starting service [Tomcat]
2025-10-23T22:39:03.069-03:00  INFO 21036 --- [asistencia] [main] o.apache.catalina.core.StandardEngine    : Starting Servlet engine: [Apache Tomcat/10.1.46]
2025-10-23T22:39:03.139-03:00  INFO 21036 --- [asistencia] [main] o.a.c.c.C.[Tomcat].[localhost].[/]       : Initializing Spring embedded WebApplicationContext
2025-10-23T22:39:03.140-03:00  INFO 21036 --- [asistencia] [main] w.s.c.ServletWebServerApplicationContext : Root WebApplicationContext: initialization completed in 1901 ms
2025-10-23T22:39:03.379-03:00  INFO 21036 --- [asistencia] [main] o.hibernate.jpa.internal.util.LogHelper  : HHH000204: Processing PersistenceUnitInfo [name: default]
2025-10-23T22:39:03.458-03:00  INFO 21036 --- [asistencia] [main] org.hibernate.Version                    : HHH000412: Hibernate ORM core version 6.6.29.Final
2025-10-23T22:39:03.558-03:00  INFO 21036 --- [asistencia] [main] o.h.c.internal.RegionFactoryInitiator    : HHH000026: Second-level cache disabled
2025-10-23T22:39:03.889-03:00  INFO 21036 --- [asistencia] [main] o.s.o.j.p.SpringPersistenceUnitInfo      : No LoadTimeWeaver setup: ignoring JPA class transformer
2025-10-23T22:39:03.928-03:00  INFO 21036 --- [asistencia] [main] com.zaxxer.hikari.HikariDataSource       : HikariPool-1 - Starting...
2025-10-23T22:39:04.299-03:00  INFO 21036 --- [asistencia] [main] com.zaxxer.hikari.pool.HikariPool        : HikariPool-1 - Added connection com.mysql.cj.jdbc.ConnectionImpl@23df7fad
2025-10-23T22:39:04.302-03:00  INFO 21036 --- [asistencia] [main] com.zaxxer.hikari.HikariDataSource       : HikariPool-1 - Start completed.
2025-10-23T22:39:04.360-03:00  WARN 21036 --- [asistencia] [main] org.hibernate.orm.deprecation            : HHH90000025: MySQLDialect does not need to be specified explicitly using 'hibernate.dialect' (remove the property setting and it will be selected by default)
2025-10-23T22:39:04.385-03:00  INFO 21036 --- [asistencia] [main] org.hibernate.orm.connections.pooling    : HHH10001005: Database info:
	Database JDBC URL [Connecting through datasource 'HikariDataSource (HikariPool-1)']
	Database driver: undefined/unknown
	Database version: 8.0.43
	Autocommit mode: undefined/unknown
	Isolation level: undefined/unknown
	Minimum pool size: undefined/unknown
	Maximum pool size: undefined/unknown
2025-10-23T22:39:05.565-03:00  INFO 21036 --- [asistencia] [main] o.h.e.t.j.p.i.JtaPlatformInitiator       : HHH000489: No JTA platform available (set 'hibernate.transaction.jta.platform' to enable JTA platform integration)
2025-10-23T22:39:05.696-03:00  INFO 21036 --- [asistencia] [main] j.LocalContainerEntityManagerFactoryBean : Initialized JPA EntityManagerFactory for persistence unit 'default'
2025-10-23T22:39:06.142-03:00  WARN 21036 --- [asistencia] [main] JpaBaseConfiguration$JpaWebConfiguration : spring.jpa.open-in-view is enabled by default. Therefore, database queries may be performed during view rendering. Explicitly configure spring.jpa.open-in-view to disable this warning
2025-10-23T22:39:06.351-03:00  WARN 21036 --- [asistencia] [main] .s.s.UserDetailsServiceAutoConfiguration : 

Using generated security password: c68ec74a-7d72-4b75-b384-fd9ee922761b

This generated password is for development use only. Your security configuration must be updated before running your application in production.

2025-10-23T22:39:06.366-03:00  INFO 21036 --- [asistencia] [main] r$InitializeUserDetailsManagerConfigurer : Global AuthenticationManager configured with UserDetailsService bean with name inMemoryUserDetailsManager
2025-10-23T22:39:06.683-03:00  INFO 21036 --- [asistencia] [main] o.s.b.w.embedded.tomcat.TomcatWebServer  : Tomcat started on port 8080 (http) with context path '/'
2025-10-23T22:39:06.693-03:00  INFO 21036 --- [asistencia] [main] c.crtl.asistencia.AsistenciaApplication  : Started AsistenciaApplication in 5.978 seconds (process running for 6.27)
2025-10-23T22:39:08.107-03:00  INFO 21036 --- [asistencia] [http-nio-8080-exec-1] o.a.c.c.C.[Tomcat].[localhost].[/]       : Initializing Spring DispatcherServlet 'dispatcherServlet'
2025-10-23T22:39:08.107-03:00  INFO 21036 --- [asistencia] [http-nio-8080-exec-1] o.s.web.servlet.DispatcherServlet        : Initializing Servlet 'dispatcherServlet'
2025-10-23T22:39:08.108-03:00  INFO 21036 --- [asistencia] [http-nio-8080-exec-1] o.s.web.servlet.DispatcherServlet        : Completed initialization in 1 ms
2025-10-23T22:39:14.629-03:00  WARN 21036 --- [asistencia] [http-nio-8080-exec-4] .w.s.m.s.DefaultHandlerExceptionResolver : Resolved [org.springframework.web.method.annotation.MethodArgumentTypeMismatchException: Method parameter 'idDocente': Failed to convert value of type 'java.lang.String' to required type 'java.lang.Long'; For input string: "undefined"]
2025-10-23T22:39:59.139-03:00  WARN 21036 --- [asistencia] [http-nio-8080-exec-1] .w.s.m.s.DefaultHandlerExceptionResolver : Resolved [org.springframework.web.method.annotation.MethodArgumentTypeMismatchException: Method parameter 'idDocente': Failed to convert value of type 'java.lang.String' to required type 'java.lang.Long'; For input string: "undefined"]
